2022/09/12 09:32:07 [notice] 1#1: using the "epoll" event method
2022/09/12 09:32:07 [notice] 1#1: nginx/1.23.1
2022/09/12 09:32:07 [notice] 1#1: built by gcc 10.2.1 20210110 (Debian 10.2.1-6) 
2022/09/12 09:32:07 [notice] 1#1: OS: Linux 5.15.0-46-generic
2022/09/12 09:32:07 [notice] 1#1: getrlimit(RLIMIT_NOFILE): 1024:524288
2022/09/12 09:32:07 [notice] 1#1: start worker processes
2022/09/12 09:32:07 [notice] 1#1: start worker process 23
2022/09/12 09:32:07 [notice] 1#1: start worker process 24
2022/09/12 09:32:07 [notice] 1#1: start worker process 25
2022/09/12 09:32:07 [notice] 1#1: start worker process 26
2022/09/12 09:32:07 [notice] 1#1: start worker process 27
2022/09/12 09:32:07 [notice] 1#1: start worker process 28
2022/09/12 09:32:07 [notice] 1#1: start worker process 29
2022/09/12 09:32:07 [notice] 1#1: start worker process 30
2022/09/12 09:36:53 [error] 29#29: *7 open() "/var/www/hello.dev/favicon.ico" failed (2: No such file or directory), client: 172.24.0.1, server: hello.dev, request: "GET /favicon.ico HTTP/1.1", host: "127.0.0.1:8000", referrer: "http://127.0.0.1:8000/"
2022/09/12 09:37:49 [notice] 1#1: signal 3 (SIGQUIT) received, shutting down
2022/09/12 09:37:49 [notice] 23#23: gracefully shutting down
2022/09/12 09:37:49 [notice] 23#23: exiting
2022/09/12 09:37:49 [notice] 26#26: gracefully shutting down
2022/09/12 09:37:49 [notice] 24#24: gracefully shutting down
2022/09/12 09:37:49 [notice] 27#27: gracefully shutting down
2022/09/12 09:37:49 [notice] 28#28: gracefully shutting down
2022/09/12 09:37:49 [notice] 25#25: gracefully shutting down
2022/09/12 09:37:49 [notice] 26#26: exiting
2022/09/12 09:37:49 [notice] 24#24: exiting
2022/09/12 09:37:49 [notice] 27#27: exiting
2022/09/12 09:37:49 [notice] 30#30: gracefully shutting down
2022/09/12 09:37:49 [notice] 25#25: exiting
2022/09/12 09:37:49 [notice] 23#23: exit
2022/09/12 09:37:49 [notice] 30#30: exiting
2022/09/12 09:37:49 [notice] 26#26: exit
2022/09/12 09:37:49 [notice] 27#27: exit
2022/09/12 09:37:49 [notice] 24#24: exit
2022/09/12 09:37:49 [notice] 25#25: exit
2022/09/12 09:37:49 [notice] 30#30: exit
2022/09/12 09:37:49 [notice] 29#29: gracefully shutting down
2022/09/12 09:37:49 [notice] 29#29: exiting
2022/09/12 09:37:49 [notice] 29#29: exit
2022/09/12 09:37:49 [notice] 1#1: signal 17 (SIGCHLD) received from 26
2022/09/12 09:37:49 [notice] 1#1: worker process 25 exited with code 0
2022/09/12 09:37:49 [notice] 1#1: worker process 26 exited with code 0
2022/09/12 09:37:49 [notice] 1#1: worker process 27 exited with code 0
2022/09/12 09:37:49 [notice] 1#1: worker process 29 exited with code 0
2022/09/12 09:37:49 [notice] 1#1: signal 29 (SIGIO) received
2022/09/12 09:37:49 [notice] 1#1: signal 17 (SIGCHLD) received from 25
2022/09/12 09:37:49 [notice] 1#1: signal 17 (SIGCHLD) received from 23
2022/09/12 09:37:49 [notice] 1#1: worker process 23 exited with code 0
2022/09/12 09:37:49 [notice] 1#1: worker process 24 exited with code 0
2022/09/12 09:37:49 [notice] 1#1: signal 29 (SIGIO) received
2022/09/12 09:37:49 [notice] 1#1: signal 17 (SIGCHLD) received from 30
2022/09/12 09:37:49 [notice] 1#1: worker process 30 exited with code 0
2022/09/12 09:37:49 [notice] 1#1: signal 29 (SIGIO) received
2022/09/12 09:37:53 [notice] 28#28: exiting
2022/09/12 09:37:53 [notice] 28#28: exit
2022/09/12 09:37:53 [notice] 1#1: signal 17 (SIGCHLD) received from 28
2022/09/12 09:37:53 [notice] 1#1: worker process 28 exited with code 0
2022/09/12 09:37:53 [notice] 1#1: exit
2022/09/12 09:38:54 [emerg] 1#1: unknown directive "127.0.0.1" in /etc/nginx/conf.d/php-dev.conf:3
2022/09/12 09:39:49 [notice] 1#1: using the "epoll" event method
2022/09/12 09:39:49 [notice] 1#1: nginx/1.23.1
2022/09/12 09:39:49 [notice] 1#1: built by gcc 10.2.1 20210110 (Debian 10.2.1-6) 
2022/09/12 09:39:49 [notice] 1#1: OS: Linux 5.15.0-46-generic
2022/09/12 09:39:49 [notice] 1#1: getrlimit(RLIMIT_NOFILE): 1024:524288
2022/09/12 09:39:49 [notice] 1#1: start worker processes
2022/09/12 09:39:49 [notice] 1#1: start worker process 22
2022/09/12 09:39:49 [notice] 1#1: start worker process 23
2022/09/12 09:39:49 [notice] 1#1: start worker process 24
2022/09/12 09:39:49 [notice] 1#1: start worker process 25
2022/09/12 09:39:49 [notice] 1#1: start worker process 26
2022/09/12 09:39:49 [notice] 1#1: start worker process 27
2022/09/12 09:39:49 [notice] 1#1: start worker process 28
2022/09/12 09:39:49 [notice] 1#1: start worker process 29
2022/09/12 09:41:07 [notice] 1#1: signal 3 (SIGQUIT) received, shutting down
2022/09/12 09:41:07 [notice] 23#23: gracefully shutting down
2022/09/12 09:41:07 [notice] 22#22: gracefully shutting down
2022/09/12 09:41:07 [notice] 23#23: exiting
2022/09/12 09:41:07 [notice] 25#25: gracefully shutting down
2022/09/12 09:41:07 [notice] 22#22: exiting
2022/09/12 09:41:07 [notice] 27#27: gracefully shutting down
2022/09/12 09:41:07 [notice] 26#26: gracefully shutting down
2022/09/12 09:41:07 [notice] 24#24: gracefully shutting down
2022/09/12 09:41:07 [notice] 25#25: exiting
2022/09/12 09:41:07 [notice] 28#28: gracefully shutting down
2022/09/12 09:41:07 [notice] 27#27: exiting
2022/09/12 09:41:07 [notice] 26#26: exiting
2022/09/12 09:41:07 [notice] 24#24: exiting
2022/09/12 09:41:07 [notice] 28#28: exiting
2022/09/12 09:41:07 [notice] 22#22: exit
2022/09/12 09:41:07 [notice] 23#23: exit
2022/09/12 09:41:07 [notice] 25#25: exit
2022/09/12 09:41:07 [notice] 27#27: exit
2022/09/12 09:41:07 [notice] 26#26: exit
2022/09/12 09:41:07 [notice] 24#24: exit
2022/09/12 09:41:07 [notice] 28#28: exit
2022/09/12 09:41:07 [notice] 29#29: gracefully shutting down
2022/09/12 09:41:07 [notice] 29#29: exiting
2022/09/12 09:41:07 [notice] 29#29: exit
2022/09/12 09:41:07 [notice] 1#1: signal 17 (SIGCHLD) received from 24
2022/09/12 09:41:07 [notice] 1#1: worker process 24 exited with code 0
2022/09/12 09:41:07 [notice] 1#1: signal 29 (SIGIO) received
2022/09/12 09:41:07 [notice] 1#1: signal 17 (SIGCHLD) received from 22
2022/09/12 09:41:07 [notice] 1#1: worker process 22 exited with code 0
2022/09/12 09:41:07 [notice] 1#1: worker process 27 exited with code 0
2022/09/12 09:41:07 [notice] 1#1: signal 29 (SIGIO) received
2022/09/12 09:41:07 [notice] 1#1: signal 17 (SIGCHLD) received from 27
2022/09/12 09:41:07 [notice] 1#1: worker process 26 exited with code 0
2022/09/12 09:41:07 [notice] 1#1: worker process 29 exited with code 0
2022/09/12 09:41:07 [notice] 1#1: signal 29 (SIGIO) received
2022/09/12 09:41:07 [notice] 1#1: signal 17 (SIGCHLD) received from 28
2022/09/12 09:41:07 [notice] 1#1: worker process 28 exited with code 0
2022/09/12 09:41:07 [notice] 1#1: signal 29 (SIGIO) received
2022/09/12 09:41:07 [notice] 1#1: signal 17 (SIGCHLD) received from 23
2022/09/12 09:41:07 [notice] 1#1: worker process 23 exited with code 0
2022/09/12 09:41:07 [notice] 1#1: signal 29 (SIGIO) received
2022/09/12 09:41:07 [notice] 1#1: signal 17 (SIGCHLD) received from 25
2022/09/12 09:41:07 [notice] 1#1: worker process 25 exited with code 0
2022/09/12 09:41:07 [notice] 1#1: exit
2022/09/12 09:41:13 [notice] 1#1: using the "epoll" event method
2022/09/12 09:41:13 [notice] 1#1: nginx/1.23.1
2022/09/12 09:41:13 [notice] 1#1: built by gcc 10.2.1 20210110 (Debian 10.2.1-6) 
2022/09/12 09:41:13 [notice] 1#1: OS: Linux 5.15.0-46-generic
2022/09/12 09:41:13 [notice] 1#1: getrlimit(RLIMIT_NOFILE): 1024:524288
2022/09/12 09:41:13 [notice] 1#1: start worker processes
2022/09/12 09:41:13 [notice] 1#1: start worker process 22
2022/09/12 09:41:13 [notice] 1#1: start worker process 23
2022/09/12 09:41:13 [notice] 1#1: start worker process 24
2022/09/12 09:41:13 [notice] 1#1: start worker process 25
2022/09/12 09:41:13 [notice] 1#1: start worker process 26
2022/09/12 09:41:13 [notice] 1#1: start worker process 27
2022/09/12 09:41:13 [notice] 1#1: start worker process 28
2022/09/12 09:41:13 [notice] 1#1: start worker process 29
2022/09/12 09:41:20 [error] 22#22: *2 "/var/www/index.php" is not found (20: Not a directory), client: 172.24.0.1, server: race.dev, request: "GET / HTTP/1.1", host: "127.0.0.1:8000"
2022/09/12 09:41:30 [error] 22#22: *2 "/var/www/index.php" is not found (20: Not a directory), client: 172.24.0.1, server: race.dev, request: "GET / HTTP/1.1", host: "127.0.0.1:8000"
2022/09/12 09:42:22 [notice] 1#1: signal 3 (SIGQUIT) received, shutting down
2022/09/12 09:42:22 [notice] 23#23: gracefully shutting down
2022/09/12 09:42:22 [notice] 22#22: gracefully shutting down
2022/09/12 09:42:22 [notice] 24#24: gracefully shutting down
2022/09/12 09:42:22 [notice] 25#25: gracefully shutting down
2022/09/12 09:42:22 [notice] 23#23: exiting
2022/09/12 09:42:22 [notice] 26#26: gracefully shutting down
2022/09/12 09:42:22 [notice] 27#27: gracefully shutting down
2022/09/12 09:42:22 [notice] 24#24: exiting
2022/09/12 09:42:22 [notice] 29#29: gracefully shutting down
2022/09/12 09:42:22 [notice] 28#28: gracefully shutting down
2022/09/12 09:42:22 [notice] 25#25: exiting
2022/09/12 09:42:22 [notice] 26#26: exiting
2022/09/12 09:42:22 [notice] 27#27: exiting
2022/09/12 09:42:22 [notice] 29#29: exiting
2022/09/12 09:42:22 [notice] 28#28: exiting
2022/09/12 09:42:22 [notice] 22#22: exiting
2022/09/12 09:42:22 [notice] 23#23: exit
2022/09/12 09:42:22 [notice] 24#24: exit
2022/09/12 09:42:22 [notice] 25#25: exit
2022/09/12 09:42:22 [notice] 29#29: exit
2022/09/12 09:42:22 [notice] 26#26: exit
2022/09/12 09:42:22 [notice] 27#27: exit
2022/09/12 09:42:22 [notice] 28#28: exit
2022/09/12 09:42:22 [notice] 22#22: exit
2022/09/12 09:42:22 [notice] 1#1: signal 17 (SIGCHLD) received from 24
2022/09/12 09:42:22 [notice] 1#1: worker process 24 exited with code 0
2022/09/12 09:42:22 [notice] 1#1: signal 29 (SIGIO) received
2022/09/12 09:42:22 [notice] 1#1: signal 17 (SIGCHLD) received from 23
2022/09/12 09:42:22 [notice] 1#1: worker process 22 exited with code 0
2022/09/12 09:42:22 [notice] 1#1: worker process 23 exited with code 0
2022/09/12 09:42:22 [notice] 1#1: worker process 25 exited with code 0
2022/09/12 09:42:22 [notice] 1#1: signal 29 (SIGIO) received
2022/09/12 09:42:22 [notice] 1#1: signal 17 (SIGCHLD) received from 25
2022/09/12 09:42:22 [notice] 1#1: signal 17 (SIGCHLD) received from 27
2022/09/12 09:42:22 [notice] 1#1: worker process 27 exited with code 0
2022/09/12 09:42:22 [notice] 1#1: worker process 28 exited with code 0
2022/09/12 09:42:22 [notice] 1#1: signal 29 (SIGIO) received
2022/09/12 09:42:22 [notice] 1#1: signal 17 (SIGCHLD) received from 29
2022/09/12 09:42:22 [notice] 1#1: worker process 29 exited with code 0
2022/09/12 09:42:22 [notice] 1#1: signal 29 (SIGIO) received
2022/09/12 09:42:22 [notice] 1#1: signal 17 (SIGCHLD) received from 26
2022/09/12 09:42:22 [notice] 1#1: worker process 26 exited with code 0
2022/09/12 09:42:22 [notice] 1#1: exit
2022/09/12 09:43:01 [emerg] 1#1: host not found in upstream "php" in /etc/nginx/conf.d/php-dev.conf:11
2022/09/12 09:43:21 [emerg] 1#1: host not found in upstream "php" in /etc/nginx/conf.d/php-dev.conf:11
2022/09/12 09:43:39 [notice] 1#1: using the "epoll" event method
2022/09/12 09:43:39 [notice] 1#1: nginx/1.23.1
2022/09/12 09:43:39 [notice] 1#1: built by gcc 10.2.1 20210110 (Debian 10.2.1-6) 
2022/09/12 09:43:39 [notice] 1#1: OS: Linux 5.15.0-46-generic
2022/09/12 09:43:39 [notice] 1#1: getrlimit(RLIMIT_NOFILE): 1024:524288
2022/09/12 09:43:39 [notice] 1#1: start worker processes
2022/09/12 09:43:39 [notice] 1#1: start worker process 22
2022/09/12 09:43:39 [notice] 1#1: start worker process 23
2022/09/12 09:43:39 [notice] 1#1: start worker process 24
2022/09/12 09:43:39 [notice] 1#1: start worker process 25
2022/09/12 09:43:39 [notice] 1#1: start worker process 26
2022/09/12 09:43:39 [notice] 1#1: start worker process 27
2022/09/12 09:43:39 [notice] 1#1: start worker process 28
2022/09/12 09:43:39 [notice] 1#1: start worker process 29
2022/09/12 09:43:46 [notice] 1#1: signal 3 (SIGQUIT) received, shutting down
2022/09/12 09:43:46 [notice] 22#22: gracefully shutting down
2022/09/12 09:43:46 [notice] 25#25: gracefully shutting down
2022/09/12 09:43:46 [notice] 26#26: gracefully shutting down
2022/09/12 09:43:46 [notice] 27#27: gracefully shutting down
2022/09/12 09:43:46 [notice] 23#23: gracefully shutting down
2022/09/12 09:43:46 [notice] 24#24: gracefully shutting down
2022/09/12 09:43:46 [notice] 28#28: gracefully shutting down
2022/09/12 09:43:46 [notice] 22#22: exiting
2022/09/12 09:43:46 [notice] 25#25: exiting
2022/09/12 09:43:46 [notice] 26#26: exiting
2022/09/12 09:43:46 [notice] 27#27: exiting
2022/09/12 09:43:46 [notice] 23#23: exiting
2022/09/12 09:43:46 [notice] 24#24: exiting
2022/09/12 09:43:46 [notice] 28#28: exiting
2022/09/12 09:43:46 [notice] 26#26: exit
2022/09/12 09:43:46 [notice] 22#22: exit
2022/09/12 09:43:46 [notice] 25#25: exit
2022/09/12 09:43:46 [notice] 28#28: exit
2022/09/12 09:43:46 [notice] 27#27: exit
2022/09/12 09:43:46 [notice] 23#23: exit
2022/09/12 09:43:46 [notice] 24#24: exit
2022/09/12 09:43:46 [notice] 29#29: gracefully shutting down
2022/09/12 09:43:46 [notice] 29#29: exiting
2022/09/12 09:43:46 [notice] 29#29: exit
2022/09/12 09:43:46 [notice] 1#1: signal 17 (SIGCHLD) received from 26
2022/09/12 09:43:46 [notice] 1#1: worker process 26 exited with code 0
2022/09/12 09:43:46 [notice] 1#1: worker process 27 exited with code 0
2022/09/12 09:43:46 [notice] 1#1: worker process 28 exited with code 0
2022/09/12 09:43:46 [notice] 1#1: signal 29 (SIGIO) received
2022/09/12 09:43:46 [notice] 1#1: signal 17 (SIGCHLD) received from 27
2022/09/12 09:43:46 [notice] 1#1: signal 17 (SIGCHLD) received from 24
2022/09/12 09:43:46 [notice] 1#1: worker process 24 exited with code 0
2022/09/12 09:43:46 [notice] 1#1: signal 29 (SIGIO) received
2022/09/12 09:43:46 [notice] 1#1: signal 17 (SIGCHLD) received from 22
2022/09/12 09:43:46 [notice] 1#1: worker process 22 exited with code 0
2022/09/12 09:43:46 [notice] 1#1: signal 29 (SIGIO) received
2022/09/12 09:43:46 [notice] 1#1: signal 17 (SIGCHLD) received from 25
2022/09/12 09:43:46 [notice] 1#1: worker process 25 exited with code 0
2022/09/12 09:43:46 [notice] 1#1: signal 29 (SIGIO) received
2022/09/12 09:43:46 [notice] 1#1: signal 17 (SIGCHLD) received from 23
2022/09/12 09:43:46 [notice] 1#1: worker process 23 exited with code 0
2022/09/12 09:43:46 [notice] 1#1: worker process 29 exited with code 0
2022/09/12 09:43:46 [notice] 1#1: exit
